
ROM used: 4270 (13%)
          4270 (13%) including unused fragments

          1 Average locations per line
          7 Average locations per statement

RAM used: 461 (23%) at main() level
          491 (24%) worst case

Stack used: 11 worst case (out of 24 total available)

Lines Stmts  %   Files
----- ----- ---  -----
  191    69  11  hid_unity.c
  425     0   0  ..\..\..\..\..\..\..\Program Files (x86)\PICC\devices\18F4550.h
 1236   321  50  ..\..\..\..\..\..\..\Program Files (x86)\PICC\drivers\pic18_usb.h
  828     0   0  ..\..\..\..\..\..\..\Program Files (x86)\PICC\drivers\usb.h
  264     0   0  include\usb_kbd_HID.h
  912   247  39  ..\..\..\..\..\..\..\Program Files (x86)\PICC\drivers\usb.c
   28     0   0  ..\..\..\..\..\..\..\Program Files (x86)\PICC\drivers\ctype.h
----- -----
 3884   637 Total

Page ROM  %  RAM   Vol Diff  Functions:
---- --- --- ---   --- ----  ----------
0     40   0   1             @delay_ms1
0     32   0   0             @const103
0     66   1   0             @const107
0     40   0   1   149  2.6  usb_detach
0     34   0   0   138  2.1  usb_attach
0     36   0   1   346  4.6  usb_task
0    222   3   7  1224  5.9  usb_flush_in
0    178   2  14   584  7.5  usb_put_packet
0    230   3   7   940  5.4  usb_flush_out
0    200   2  13   715  6.4  usb_get_packet_buffer
0     64   1   5   138  3.5  usb_get_packet
0     70   1   4   235  4.5  usb_stall_ep
0     68   1   4   242  4.6  usb_unstall_ep
0     86   1   3   343  5.8  usb_endpoint_stalled
0     22   0   1    88  2.7  usb_set_address
0    402   5  10  1575  8.9  usb_set_configured
0    106   1   0   448  3.7  usb_isr
0      6   0   0    25  1.2  usb_isr_sof
0     44   1   3   142  3.9  usb_disable_endpoints
0     42   0   0   318  4.6  usb_isr_rst
0     30   0   0   343  3.1  usb_init_ep0_setup
0      8   0   0    47  1.5  usb_isr_uerr
0     10   0   0    54  1.5  usb_isr_uidle
0     10   0   0    54  1.5  usb_isr_activity
0     14   0   0   147  3.4  usb_isr_stall
0    202   2   2  1217  7.3  usb_isr_tok_dne
0      6   0   1    25  1.6  usb_request_send_response
0      6   0   0    24  0.9  usb_request_stall
0     82   1   0             @const227
0     18   0   0             @const229
0     20   0   0             @const232
0     58   1   0             @const235
0     18   0   0             @const237
0     34   0   0             @const243
0     20   0   0             @const245
0     74   1   0             @const247
0     36   0   3   222  3.9  usb_token_reset
0     80   1   4   201  4.9  usb_endpoint_is_valid
0     24   0   1   152  3.0  usb_isr_tok_in_dne
0     42   0   1   102  2.9  usb_isr_tok_out_dne
0     42   0   0   310  5.4  usb_isr_tok_setup_dne
0    164   2   0  1131  8.2  usb_isr_tkn_setup_StandardDevice
0    158   2   3   750  7.7  usb_isr_tkn_setup_StandardInterface
0     96   1   0   519  5.2  usb_isr_tkn_setup_StandardEndpoint
0     16   0   0    83  3.2  usb_isr_tkn_setup_ClassInterface
0    238   3   1  1188  8.3  usb_Get_Descriptor
0     14   0   0    76  1.8  usb_finish_set_address
0    150   2   5   676  5.7  usb_copy_desc_seg_to_ep
0     34   0   0             @goto10879
0     30   0   0   143  3.0  usb_debug_task
0     62   1   3   249  4.8  char_2_usb_kbd_code
0    158   2   1   843  7.2  usb_keyboard_task
0     26   0   0    84  2.4  usb_rx_task
0     16   0   1    66  2.3  ext_handler
0    120   1   1   396  3.8  MAIN

Program metrics:
    Functions               43
    Statements              637
    Comments                1650
    Volume (V)              31345
    Difficilty (D)          185.8
    Effort to implement (E) 5824145
    Time to implement (T)   89 hours, 53 minutes
    Est Delivered Bugs (B)  11
    Cyclomatic Complexity   123
    Maintainability (MI)    84

 Segment     Used  Free
-----------  ----  ----
00000-00002     4  0  
00004-00006     0  4  
00008-000A8   162  0  
000AA-07FFE  4104  28494  



